<?xml version="1.0" encoding="UTF-8"?>
<testng-results ignored="0" total="2" passed="1" failed="1" skipped="0">
  <reporter-output>
    <line>
      <![CDATA[Capturing Screenshot]]>
    </line>
    <line>
      <![CDATA[<a target="_blank" href="https://simgbb.com/images/logo.png">Screenshot</a>]]>
    </line>
  </reporter-output>
  <suite started-at="2018-06-30T15:24:39Z" name="Data Driven Basics" finished-at="2018-06-30T15:24:42Z" duration-ms="3042">
    <groups>
    </groups>
    <test started-at="2018-06-30T15:24:39Z" name="Bank Manager Login Test" finished-at="2018-06-30T15:24:40Z" duration-ms="326">
      <class name="testcases.BankManagerLoginTest">
        <test-method signature="loginAsBankManager()[pri:0, instance:testcases.BankManagerLoginTest@505a9d7c]" started-at="2018-06-30T18:24:39Z" name="loginAsBankManager" finished-at="2018-06-30T18:24:40Z" duration-ms="309" status="FAIL">
          <exception class="java.lang.AssertionError">
            <message>
              <![CDATA[Login not succesfull]]>
            </message>
            <full-stacktrace>
              <![CDATA[java.lang.AssertionError: Login not succesfull
	at org.testng.Assert.fail(Assert.java:93)
	at testcases.BankManagerLoginTest.loginAsBankManager(BankManagerLoginTest.java:22)
	at java.base/jdk.internal.reflect.NativeMethodAccessorImpl.invoke0(Native Method)
	at java.base/jdk.internal.reflect.NativeMethodAccessorImpl.invoke(Unknown Source)
	at java.base/jdk.internal.reflect.DelegatingMethodAccessorImpl.invoke(Unknown Source)
	at java.base/java.lang.reflect.Method.invoke(Unknown Source)
	at org.testng.internal.MethodInvocationHelper.invokeMethod(MethodInvocationHelper.java:108)
	at org.testng.internal.Invoker.invokeMethod(Invoker.java:661)
	at org.testng.internal.Invoker.invokeTestMethod(Invoker.java:869)
	at org.testng.internal.Invoker.invokeTestMethods(Invoker.java:1193)
	at org.testng.internal.TestMethodWorker.invokeTestMethods(TestMethodWorker.java:126)
	at org.testng.internal.TestMethodWorker.run(TestMethodWorker.java:109)
	at org.testng.TestRunner.privateRun(TestRunner.java:744)
	at org.testng.TestRunner.run(TestRunner.java:602)
	at org.testng.SuiteRunner.runTest(SuiteRunner.java:380)
	at org.testng.SuiteRunner.runSequentially(SuiteRunner.java:375)
	at org.testng.SuiteRunner.privateRun(SuiteRunner.java:340)
	at org.testng.SuiteRunner.run(SuiteRunner.java:289)
	at org.testng.SuiteRunnerWorker.runSuite(SuiteRunnerWorker.java:52)
	at org.testng.SuiteRunnerWorker.run(SuiteRunnerWorker.java:86)
	at org.testng.TestNG.runSuitesSequentially(TestNG.java:1301)
	at org.testng.TestNG.runSuitesLocally(TestNG.java:1226)
	at org.testng.TestNG.runSuites(TestNG.java:1144)
	at org.testng.TestNG.run(TestNG.java:1115)
	at org.testng.remote.AbstractRemoteTestNG.run(AbstractRemoteTestNG.java:114)
	at org.testng.remote.RemoteTestNG.initAndRun(RemoteTestNG.java:251)
	at org.testng.remote.RemoteTestNG.main(RemoteTestNG.java:77)
]]>
            </full-stacktrace>
          </exception> <!-- java.lang.AssertionError -->
          <reporter-output>
            <line>
              <![CDATA[Capturing Screenshot]]>
            </line>
            <line>
              <![CDATA[<a target="_blank" href="https://simgbb.com/images/logo.png">Screenshot</a>]]>
            </line>
          </reporter-output>
        </test-method> <!-- loginAsBankManager -->
      </class> <!-- testcases.BankManagerLoginTest -->
    </test> <!-- Bank Manager Login Test -->
    <test started-at="2018-06-30T15:24:40Z" name="Add Customer Test" finished-at="2018-06-30T15:24:42Z" duration-ms="2671">
      <class name="testcases.AddCustomerTest">
        <test-method is-config="true" signature="setup()[pri:0, instance:testcases.AddCustomerTest@12bcd0c0]" started-at="2018-06-30T18:24:33Z" name="setup" finished-at="2018-06-30T18:24:39Z" duration-ms="6270" status="PASS">
          <reporter-output>
          </reporter-output>
        </test-method> <!-- setup -->
        <test-method signature="addCustomer(java.lang.String, java.lang.String, java.lang.String, java.lang.String)[pri:0, instance:testcases.AddCustomerTest@12bcd0c0]" started-at="2018-06-30T18:24:40Z" name="addCustomer" data-provider="getData" finished-at="2018-06-30T18:24:42Z" duration-ms="2655" status="PASS">
          <params>
            <param index="0">
              <value>
                <![CDATA[benny]]>
              </value>
            </param>
            <param index="1">
              <value>
                <![CDATA[refaelov]]>
              </value>
            </param>
            <param index="2">
              <value>
                <![CDATA[602010.0]]>
              </value>
            </param>
            <param index="3">
              <value>
                <![CDATA[Customer added successfully]]>
              </value>
            </param>
          </params>
          <reporter-output>
          </reporter-output>
        </test-method> <!-- addCustomer -->
        <test-method is-config="true" signature="teardown()[pri:0, instance:testcases.AddCustomerTest@12bcd0c0]" started-at="2018-06-30T18:24:42Z" name="teardown" finished-at="2018-06-30T18:24:43Z" duration-ms="950" status="PASS">
          <reporter-output>
          </reporter-output>
        </test-method> <!-- teardown -->
      </class> <!-- testcases.AddCustomerTest -->
    </test> <!-- Add Customer Test -->
  </suite> <!-- Data Driven Basics -->
</testng-results>
